{"message":"HM Heard Island and Mcdonald Islands does Not Exist for countryLoad.","level":"error","service":"Default Log:","timestamp":"2020-05-28 14:02:31"}
{"message":"HK Hong Kong does Not Exist for countryLoad.","level":"error","service":"Default Log:","timestamp":"2020-05-28 14:02:32"}
{"message":"IM Isle of Man does Not Exist for countryLoad.","level":"error","service":"Default Log:","timestamp":"2020-05-28 14:02:33"}
{"message":"JE Jersey does Not Exist for countryLoad.","level":"error","service":"Default Log:","timestamp":"2020-05-28 14:02:34"}
{"message":"MO Macau does Not Exist for countryLoad.","level":"error","service":"Default Log:","timestamp":"2020-05-28 14:02:37"}
{"message":"MQ Martinique does Not Exist for countryLoad.","level":"error","service":"Default Log:","timestamp":"2020-05-28 14:02:39"}
{"message":"YT Mayotte does Not Exist for countryLoad.","level":"error","service":"Default Log:","timestamp":"2020-05-28 14:02:39"}
{"message":"MS Montserrat does Not Exist for countryLoad.","level":"error","service":"Default Log:","timestamp":"2020-05-28 14:02:40"}
{"message":"NR Nauru does Not Exist for countryLoad.","level":"error","service":"Default Log:","timestamp":"2020-05-28 14:02:41"}
{"message":"AN Netherlands Antilles does Not Exist for countryLoad.","level":"error","service":"Default Log:","timestamp":"2020-05-28 14:02:41"}
{"message":"NU Niue does Not Exist for countryLoad.","level":"error","service":"Default Log:","timestamp":"2020-05-28 14:02:42"}
{"message":"NF Norfolk Island does Not Exist for countryLoad.","level":"error","service":"Default Log:","timestamp":"2020-05-28 14:02:42"}
{"message":"MP Northern Mariana Islands does Not Exist for countryLoad.","level":"error","service":"Default Log:","timestamp":"2020-05-28 14:02:42"}
{"message":"PN Pitcairn does Not Exist for countryLoad.","level":"error","service":"Default Log:","timestamp":"2020-05-28 14:02:44"}
{"message":"RE Reunion does Not Exist for countryLoad.","level":"error","service":"Default Log:","timestamp":"2020-05-28 14:02:44"}
{"message":"SH Saint Helena does Not Exist for countryLoad.","level":"error","service":"Default Log:","timestamp":"2020-05-28 14:02:45"}
{"message":"PM Saint Pierre and Miquelon does Not Exist for countryLoad.","level":"error","service":"Default Log:","timestamp":"2020-05-28 14:02:46"}
{"message":"GS South Georgia and the South Sandwich Islands does Not Exist for countryLoad.","level":"error","service":"Default Log:","timestamp":"2020-05-28 14:02:48"}
{"message":"SJ Svalbard and Jan Mayen does Not Exist for countryLoad.","level":"error","service":"Default Log:","timestamp":"2020-05-28 14:02:49"}
{"message":"TW Taiwan, Province of China does Not Exist for countryLoad.","level":"error","service":"Default Log:","timestamp":"2020-05-28 14:02:50"}
{"message":"TK Tokelau does Not Exist for countryLoad.","level":"error","service":"Default Log:","timestamp":"2020-05-28 14:02:51"}
{"message":"TC Turks and Caicos Islands does Not Exist for countryLoad.","level":"error","service":"Default Log:","timestamp":"2020-05-28 14:02:52"}
{"message":"UM United States Minor Outlying Islands does Not Exist for countryLoad.","level":"error","service":"Default Log:","timestamp":"2020-05-28 14:02:53"}
{"message":"VG Virgin Islands, British does Not Exist for countryLoad.","level":"error","service":"Default Log:","timestamp":"2020-05-28 14:02:54"}
{"message":"VI Virgin Islands, U.S. does Not Exist for countryLoad.","level":"error","service":"Default Log:","timestamp":"2020-05-28 14:02:54"}
{"message":"WF Wallis and Futuna does Not Exist for countryLoad.","level":"error","service":"Default Log:","timestamp":"2020-05-28 14:02:54"}
